2026-04-16 20:21:06 0 0 872
2026-04-16 20:21:07 203 0 872
2026-04-16 20:21:08 202 0 872
2026-04-16 20:21:09 210 0 872
2026-04-16 20:21:10 216 0 872
2026-04-16 20:21:11 213 0 872
2026-04-16 20:21:13 194.1 0 872
2026-04-16 20:21:14 197.3 0 872
2026-04-16 20:21:16 195.5 0 872
2026-04-16 20:21:17 202 0 872
2026-04-16 20:21:19 198.9 0 872
2026-04-16 20:21:20 200 0 872
2026-04-16 20:21:21 200 0 872
2026-04-16 20:21:23 197.1 0 872
2026-04-16 20:21:24 199.4 0 872
2026-04-16 20:21:25 200 0 872
2026-04-16 20:21:26 200 0 872
2026-04-16 20:21:27 200 0 872
2026-04-16 20:21:28 202 0 872
2026-04-16 20:21:29 202 0 872
2026-04-16 20:21:31 202 0 872
2026-04-16 20:21:33 200 0 872
2026-04-16 20:21:34 202 0 872
2026-04-16 20:21:36 199.8 0 872
